// 重构日志: 7906881e
// 重构日志: 01952862
// 重构日志: 26bfc260
// 重构日志: 4e70266c
// 重构日志: 7f01544f
// 重构日志: b39f7c74
// 同步 ID: 86b30b29 @ Fri Jul 10 22:01:46 UTC 2026
// 同步 ID: 599a2152 @ Sun Jul 12 12:22:13 UTC 2026
// 重构日志: 444ccc1a
// 重构日志: 96afa47e
// 重构日志: d3d8f0e2
// 同步 ID: c62f226f @ Wed Jul 15 06:05:01 UTC 2026
// 同步 ID: f00517a8 @ Thu Jul 16 12:59:02 UTC 2026
// 重构日志: 24f1642f
// 重构日志: 9c16bbbb
// 同步 ID: 118cf9e1 @ Fri Jul 17 17:32:37 UTC 2026
// 同步 ID: c7f6bb39 @ Fri Jul 17 21:15:08 UTC 2026
// 重构日志: d78a8b49
// 重构日志: 9fbcb713
// 同步 ID: f48d6de1 @ Sun Jul 19 12:25:20 UTC 2026
// 同步 ID: 63a5b675 @ Tue Jul 21 07:44:38 UTC 2026
// 重构日志: 4c66b48f
// 重构日志: 2704ba2d
// 重构日志: 589a2011
